<?xml version="1.0" encoding="UTF-8"?>
<!-- Generated by org.testng.reporters.JUnitReportReporter -->
<testsuite hostname="Reshmas-MBP" failures="0" tests="1" name="testNGprograms.FileUploadRobotClass" time="5.679" errors="0" timestamp="2024-07-13T16:24:07 GST" skipped="0">
  <testcase classname="testNGprograms.FileUploadRobotClass" name="verifyFileUpload" time="5.679"/>
  <system-out/>
</testsuite> <!-- testNGprograms.FileUploadRobotClass -->
