<?xml version="1.0" encoding="UTF-8"?>
<!-- Generated by org.testng.reporters.JUnitReportReporter -->
<testsuite hostname="Reshmas-MBP" failures="0" tests="1" name="testNGprograms.ActionsClass" time="7.646" errors="0" timestamp="2024-07-13T09:13:10 GST" skipped="0">
  <testcase classname="testNGprograms.ActionsClass" name="keyDown" time="7.646"/>
  <system-out/>
</testsuite> <!-- testNGprograms.ActionsClass -->
