<?xml version="1.0" encoding="UTF-8"?>
<!-- Generated by org.testng.reporters.JUnitReportReporter -->
<testsuite hostname="Reshmas-MBP" failures="0" tests="1" name="testNGprograms.TableReading" time="0.454" errors="0" timestamp="2024-07-09T08:47:42 GST" skipped="0">
  <testcase classname="testNGprograms.TableReading" name="findValuefromFirstRowFirstCOlum" time="0.454"/>
  <system-out/>
</testsuite> <!-- testNGprograms.TableReading -->
