<?xml version="1.0" encoding="UTF-8"?>
<!-- Generated by org.testng.reporters.JUnitReportReporter -->
<testsuite hostname="Reshmas-MBP" failures="0" tests="3" name="testNGprograms.AnnotationHierarchy" time="0.020" errors="0" timestamp="2024-07-08T09:03:17 GST" skipped="0">
  <testcase classname="testNGprograms.AnnotationHierarchy" name="testCase2" time="0.005"/>
  <system-out/>
  <testcase classname="testNGprograms.AnnotationHierarchy" name="testCase3" time="0.006"/>
  <system-out/>
  <testcase classname="testNGprograms.AnnotationHierarchy" name="testCase1" time="0.009"/>
  <system-out/>
</testsuite> <!-- testNGprograms.AnnotationHierarchy -->
