<?xml version="1.0" encoding="UTF-8"?>
<!-- Generated by org.testng.reporters.JUnitReportReporter -->
<testsuite hostname="Reshmas-MBP" failures="0" tests="1" name="Assignment2.AssignmentQ1" time="5.806" errors="0" timestamp="2024-07-13T10:37:11 GST" skipped="0">
  <testcase classname="Assignment2.AssignmentQ1" name="verifyingFormSubmit" time="5.806"/>
  <system-out/>
</testsuite> <!-- Assignment2.AssignmentQ1 -->
