<?xml version="1.0" encoding="UTF-8"?>
<!-- Generated by org.testng.reporters.JUnitReportReporter -->
<testsuite hostname="Reshmas-MBP" failures="0" tests="4" name="Assignment2.AssertiosnAssignment" time="9.956" errors="0" timestamp="2024-07-16T20:48:28 GST" skipped="0">
  <testcase classname="Assignment2.AssertiosnAssignment" name="verify_Unsuccessfull_Login_usingUrl" time="0.996"/>
  <system-out/>
  <testcase classname="Assignment2.AssertiosnAssignment" name="verify_Successful_Login" time="6.543"/>
  <system-out/>
  <testcase classname="Assignment2.AssertiosnAssignment" name="verify_Rememberme_CheckBox_Ischecked_Bydefault" time="0.981"/>
  <system-out/>
  <testcase classname="Assignment2.AssertiosnAssignment" name="verify_Unsuccessfull_Login" time="1.436"/>
  <system-out/>
</testsuite> <!-- Assignment2.AssertiosnAssignment -->
