<?xml version="1.0" encoding="UTF-8"?>
<!-- Generated by org.testng.reporters.JUnitReportReporter -->
<testsuite hostname="Reshmas-MBP" failures="0" tests="1" name="Assignment2.AlertHandlingQ2" time="5.603" errors="0" timestamp="2024-07-13T10:56:41 GST" skipped="0">
  <testcase classname="Assignment2.AlertHandlingQ2" name="verifyAlertHandling" time="5.603"/>
  <system-out/>
</testsuite> <!-- Assignment2.AlertHandlingQ2 -->
