<?xml version="1.0" encoding="UTF-8"?>
<!-- Generated by org.testng.reporters.JUnitReportReporter -->
<testsuite hostname="Reshmas-MBP" failures="0" tests="5" name="testNGprograms.AnnotationSample" time="48.180" errors="0" timestamp="2024-07-08T09:33:35 GST" skipped="0">
  <testcase classname="testNGprograms.AnnotationSample" name="verifyIfSecondDropdownIsMulti" time="8.588"/>
  <system-out/>
  <testcase classname="testNGprograms.AnnotationSample" name="verifyToSelectValueFromDropdown" time="10.250"/>
  <system-out/>
  <testcase classname="testNGprograms.AnnotationSample" name="verifyToSelectAndDeselectAllValuesFromDp" time="10.703"/>
  <system-out/>
  <testcase classname="testNGprograms.AnnotationSample" name="verifyAllOptionsInDropDown" time="9.038"/>
  <system-out/>
  <testcase classname="testNGprograms.AnnotationSample" name="verifyIfDropdownIsMultiSelect" time="9.601"/>
  <system-out/>
</testsuite> <!-- testNGprograms.AnnotationSample -->
