<?xml version="1.0" encoding="UTF-8"?>
<!-- Generated by org.testng.reporters.JUnitReportReporter -->
<testsuite hostname="Reshmas-MBP" failures="0" tests="1" name="Assignment2.ToolTip" time="6.025" errors="0" timestamp="2024-07-16T19:30:15 GST" skipped="0">
  <testcase classname="Assignment2.ToolTip" name="verifyingTooTipforLiveElement" time="6.025"/>
  <system-out/>
</testsuite> <!-- Assignment2.ToolTip -->
