<?xml version="1.0" encoding="UTF-8"?>
<!-- Generated by org.testng.reporters.JUnitReportReporter -->
<testsuite hostname="Reshmas-MBP" failures="0" tests="1" name="Assignment2.AssignmentTable" time="192.464" errors="0" timestamp="2024-07-13T18:16:39 GST" skipped="0">
  <testcase classname="Assignment2.AssignmentTable" name="readValueaFromTable" time="192.464"/>
  <system-out/>
</testsuite> <!-- Assignment2.AssignmentTable -->
