<?xml version="1.0" encoding="UTF-8"?>
<!-- Generated by org.testng.reporters.JUnitReportReporter -->
<testsuite hostname="Reshmas-MBP" failures="0" tests="1" name="Assignment2.DropDownQ4" time="8.440" errors="0" timestamp="2024-07-13T12:23:01 GST" skipped="0">
  <testcase classname="Assignment2.DropDownQ4" name="verifydropDown" time="8.440"/>
  <system-out/>
</testsuite> <!-- Assignment2.DropDownQ4 -->
